<?xml version="1.0" encoding="UTF-8"?>
<testsuite xmlns:xsi="http://www.w3.org/2001/XMLSchema-instance" xsi:noNamespaceSchemaLocation="https://maven.apache.org/surefire/maven-surefire-plugin/xsd/surefire-test-report-3.0.xsd" version="3.0" name="com.example.Testbcnc.TestbcncApplicationTests" time="8.89" tests="7" errors="0" skipped="0" failures="0">
  <properties>
[...]
</properties>
  <testcase name="test" classname="com.example.Testbcnc.TestbcncApplicationTests" time="0.308">
    <system-out><![CDATA[00:40:57.095 [main] DEBUG org.springframework.test.context.junit4.SpringJUnit4ClassRunner - SpringJUnit4ClassRunner constructor called with [class com.example.Testbcnc.TestbcncApplicationTests]
00:40:57.105 [main] DEBUG org.springframework.test.context.BootstrapUtils - Instantiating CacheAwareContextLoaderDelegate from class [org.springframework.test.context.cache.DefaultCacheAwareContextLoaderDelegate]
00:40:57.115 [main] DEBUG org.springframework.test.context.BootstrapUtils - Instantiating BootstrapContext using constructor [public org.springframework.test.context.support.DefaultBootstrapContext(java.lang.Class,org.springframework.test.context.CacheAwareContextLoaderDelegate)]
00:40:57.169 [main] DEBUG org.springframework.test.context.BootstrapUtils - Instantiating TestContextBootstrapper for test class [com.example.Testbcnc.TestbcncApplicationTests] from class [org.springframework.boot.test.context.SpringBootTestContextBootstrapper]
00:40:57.182 [main] INFO org.springframework.boot.test.context.SpringBootTestContextBootstrapper - Neither @ContextConfiguration nor @ContextHierarchy found for test class [com.example.Testbcnc.TestbcncApplicationTests], using SpringBootContextLoader
00:40:57.186 [main] DEBUG org.springframework.test.context.support.AbstractContextLoader - Did not detect default resource location for test class [com.example.Testbcnc.TestbcncApplicationTests]: class path resource [com/example/Testbcnc/TestbcncApplicationTests-context.xml] does not exist
00:40:57.188 [main] DEBUG org.springframework.test.context.support.AbstractContextLoader - Did not detect default resource location for test class [com.example.Testbcnc.TestbcncApplicationTests]: class path resource [com/example/Testbcnc/TestbcncApplicationTestsContext.groovy] does not exist
00:40:57.190 [main] INFO org.springframework.test.context.support.AbstractContextLoader - Could not detect default resource locations for test class [com.example.Testbcnc.TestbcncApplicationTests]: no resource found for suffixes {-context.xml, Context.groovy}.
00:40:57.191 [main] INFO org.springframework.test.context.support.AnnotationConfigContextLoaderUtils - Could not detect default configuration classes for test class [com.example.Testbcnc.TestbcncApplicationTests]: TestbcncApplicationTests does not declare any static, non-private, non-final, nested classes annotated with @Configuration.
00:40:57.327 [main] DEBUG org.springframework.test.context.support.ActiveProfilesUtils - Could not find an 'annotation declaring class' for annotation type [org.springframework.test.context.ActiveProfiles] and class [com.example.Testbcnc.TestbcncApplicationTests]
00:40:57.504 [main] DEBUG org.springframework.context.annotation.ClassPathScanningCandidateComponentProvider - Identified candidate component class: file [C:\PRUEBAS\Testbcnc\target\classes\com\example\Testbcnc\TestbcncApplication.class]
00:40:57.508 [main] INFO org.springframework.boot.test.context.SpringBootTestContextBootstrapper - Found @SpringBootConfiguration com.example.Testbcnc.TestbcncApplication for test class com.example.Testbcnc.TestbcncApplicationTests
00:40:57.695 [main] DEBUG org.springframework.boot.test.context.SpringBootTestContextBootstrapper - @TestExecutionListeners is not present for class [com.example.Testbcnc.TestbcncApplicationTests]: using defaults.
00:40:57.696 [main] INFO org.springframework.boot.test.context.SpringBootTestContextBootstrapper - Loaded default TestExecutionListener class names from location [META-INF/spring.factories]: [org.springframework.boot.test.mock.mockito.MockitoTestExecutionListener, org.springframework.boot.test.mock.mockito.ResetMocksTestExecutionListener, org.springframework.boot.test.autoconfigure.restdocs.RestDocsTestExecutionListener, org.springframework.boot.test.autoconfigure.web.client.MockRestServiceServerResetTestExecutionListener, org.springframework.boot.test.autoconfigure.web.servlet.MockMvcPrintOnlyOnFailureTestExecutionListener, org.springframework.boot.test.autoconfigure.web.servlet.WebDriverTestExecutionListener, org.springframework.boot.test.autoconfigure.webservices.client.MockWebServiceServerTestExecutionListener, org.springframework.test.context.web.ServletTestExecutionListener, org.springframework.test.context.support.DirtiesContextBeforeModesTestExecutionListener, org.springframework.test.context.event.ApplicationEventsTestExecutionListener, org.springframework.test.context.support.DependencyInjectionTestExecutionListener, org.springframework.test.context.support.DirtiesContextTestExecutionListener, org.springframework.test.context.transaction.TransactionalTestExecutionListener, org.springframework.test.context.jdbc.SqlScriptsTestExecutionListener, org.springframework.test.context.event.EventPublishingTestExecutionListener]
00:40:57.727 [main] INFO org.springframework.boot.test.context.SpringBootTestContextBootstrapper - Using TestExecutionListeners: [org.springframework.test.context.web.ServletTestExecutionListener@673fdbce, org.springframework.test.context.support.DirtiesContextBeforeModesTestExecutionListener@5965d37, org.springframework.test.context.event.ApplicationEventsTestExecutionListener@7a5ceedd, org.springframework.boot.test.mock.mockito.MockitoTestExecutionListener@4201c465, org.springframework.boot.test.autoconfigure.SpringBootDependencyInjectionTestExecutionListener@5b799640, org.springframework.test.context.support.DirtiesContextTestExecutionListener@6cb107fd, org.springframework.test.context.transaction.TransactionalTestExecutionListener@710636b0, org.springframework.test.context.jdbc.SqlScriptsTestExecutionListener@3de8f619, org.springframework.test.context.event.EventPublishingTestExecutionListener@2ab4bc72, org.springframework.boot.test.mock.mockito.ResetMocksTestExecutionListener@4e5ed836, org.springframework.boot.test.autoconfigure.restdocs.RestDocsTestExecutionListener@eadd4fb, org.springframework.boot.test.autoconfigure.web.client.MockRestServiceServerResetTestExecutionListener@740fb309, org.springframework.boot.test.autoconfigure.web.servlet.MockMvcPrintOnlyOnFailureTestExecutionListener@7bd7d6d6, org.springframework.boot.test.autoconfigure.web.servlet.WebDriverTestExecutionListener@43f02ef2, org.springframework.boot.test.autoconfigure.webservices.client.MockWebServiceServerTestExecutionListener@239a307b]
00:40:57.729 [main] DEBUG org.springframework.test.annotation.ProfileValueUtils - Retrieved @ProfileValueSourceConfiguration [null] for test class [com.example.Testbcnc.TestbcncApplicationTests]
00:40:57.731 [main] DEBUG org.springframework.test.annotation.ProfileValueUtils - Retrieved ProfileValueSource type [class org.springframework.test.annotation.SystemProfileValueSource] for class [com.example.Testbcnc.TestbcncApplicationTests]
00:40:57.736 [main] DEBUG org.springframework.test.annotation.ProfileValueUtils - Retrieved @ProfileValueSourceConfiguration [null] for test class [com.example.Testbcnc.TestbcncApplicationTests]
00:40:57.737 [main] DEBUG org.springframework.test.annotation.ProfileValueUtils - Retrieved ProfileValueSource type [class org.springframework.test.annotation.SystemProfileValueSource] for class [com.example.Testbcnc.TestbcncApplicationTests]
00:40:57.745 [main] DEBUG org.springframework.test.annotation.ProfileValueUtils - Retrieved @ProfileValueSourceConfiguration [null] for test class [com.example.Testbcnc.TestbcncApplicationTests]
00:40:57.745 [main] DEBUG org.springframework.test.annotation.ProfileValueUtils - Retrieved ProfileValueSource type [class org.springframework.test.annotation.SystemProfileValueSource] for class [com.example.Testbcnc.TestbcncApplicationTests]
00:40:57.828 [main] DEBUG org.springframework.test.context.junit4.SpringJUnit4ClassRunner - SpringJUnit4ClassRunner constructor called with [class com.example.Testbcnc.TestbcncApplicationTests]
00:40:57.829 [main] DEBUG org.springframework.test.context.BootstrapUtils - Instantiating CacheAwareContextLoaderDelegate from class [org.springframework.test.context.cache.DefaultCacheAwareContextLoaderDelegate]
00:40:57.829 [main] DEBUG org.springframework.test.context.BootstrapUtils - Instantiating BootstrapContext using constructor [public org.springframework.test.context.support.DefaultBootstrapContext(java.lang.Class,org.springframework.test.context.CacheAwareContextLoaderDelegate)]
00:40:57.831 [main] DEBUG org.springframework.test.context.BootstrapUtils - Instantiating TestContextBootstrapper for test class [com.example.Testbcnc.TestbcncApplicationTests] from class [org.springframework.boot.test.context.SpringBootTestContextBootstrapper]
00:40:57.832 [main] INFO org.springframework.boot.test.context.SpringBootTestContextBootstrapper - Neither @ContextConfiguration nor @ContextHierarchy found for test class [com.example.Testbcnc.TestbcncApplicationTests], using SpringBootContextLoader
00:40:57.834 [main] DEBUG org.springframework.test.context.support.AbstractContextLoader - Did not detect default resource location for test class [com.example.Testbcnc.TestbcncApplicationTests]: class path resource [com/example/Testbcnc/TestbcncApplicationTests-context.xml] does not exist
00:40:57.836 [main] DEBUG org.springframework.test.context.support.AbstractContextLoader - Did not detect default resource location for test class [com.example.Testbcnc.TestbcncApplicationTests]: class path resource [com/example/Testbcnc/TestbcncApplicationTestsContext.groovy] does not exist
00:40:57.836 [main] INFO org.springframework.test.context.support.AbstractContextLoader - Could not detect default resource locations for test class [com.example.Testbcnc.TestbcncApplicationTests]: no resource found for suffixes {-context.xml, Context.groovy}.
00:40:57.837 [main] INFO org.springframework.test.context.support.AnnotationConfigContextLoaderUtils - Could not detect default configuration classes for test class [com.example.Testbcnc.TestbcncApplicationTests]: TestbcncApplicationTests does not declare any static, non-private, non-final, nested classes annotated with @Configuration.
00:40:57.852 [main] DEBUG org.springframework.test.context.support.ActiveProfilesUtils - Could not find an 'annotation declaring class' for annotation type [org.springframework.test.context.ActiveProfiles] and class [com.example.Testbcnc.TestbcncApplicationTests]
00:40:57.853 [main] INFO org.springframework.boot.test.context.SpringBootTestContextBootstrapper - Found @SpringBootConfiguration com.example.Testbcnc.TestbcncApplication for test class com.example.Testbcnc.TestbcncApplicationTests
00:40:57.857 [main] DEBUG org.springframework.boot.test.context.SpringBootTestContextBootstrapper - @TestExecutionListeners is not present for class [com.example.Testbcnc.TestbcncApplicationTests]: using defaults.
00:40:57.858 [main] INFO org.springframework.boot.test.context.SpringBootTestContextBootstrapper - Loaded default TestExecutionListener class names from location [META-INF/spring.factories]: [org.springframework.boot.test.mock.mockito.MockitoTestExecutionListener, org.springframework.boot.test.mock.mockito.ResetMocksTestExecutionListener, org.springframework.boot.test.autoconfigure.restdocs.RestDocsTestExecutionListener, org.springframework.boot.test.autoconfigure.web.client.MockRestServiceServerResetTestExecutionListener, org.springframework.boot.test.autoconfigure.web.servlet.MockMvcPrintOnlyOnFailureTestExecutionListener, org.springframework.boot.test.autoconfigure.web.servlet.WebDriverTestExecutionListener, org.springframework.boot.test.autoconfigure.webservices.client.MockWebServiceServerTestExecutionListener, org.springframework.test.context.web.ServletTestExecutionListener, org.springframework.test.context.support.DirtiesContextBeforeModesTestExecutionListener, org.springframework.test.context.event.ApplicationEventsTestExecutionListener, org.springframework.test.context.support.DependencyInjectionTestExecutionListener, org.springframework.test.context.support.DirtiesContextTestExecutionListener, org.springframework.test.context.transaction.TransactionalTestExecutionListener, org.springframework.test.context.jdbc.SqlScriptsTestExecutionListener, org.springframework.test.context.event.EventPublishingTestExecutionListener]
00:40:57.859 [main] INFO org.springframework.boot.test.context.SpringBootTestContextBootstrapper - Using TestExecutionListeners: [org.springframework.test.context.web.ServletTestExecutionListener@49c90a9c, org.springframework.test.context.support.DirtiesContextBeforeModesTestExecutionListener@2d29b4ee, org.springframework.test.context.event.ApplicationEventsTestExecutionListener@69ee81fc, org.springframework.boot.test.mock.mockito.MockitoTestExecutionListener@6e2aa843, org.springframework.boot.test.autoconfigure.SpringBootDependencyInjectionTestExecutionListener@6f36c2f0, org.springframework.test.context.support.DirtiesContextTestExecutionListener@f58853c, org.springframework.test.context.transaction.TransactionalTestExecutionListener@1224144a, org.springframework.test.context.jdbc.SqlScriptsTestExecutionListener@29f7cefd, org.springframework.test.context.event.EventPublishingTestExecutionListener@700fb871, org.springframework.boot.test.mock.mockito.ResetMocksTestExecutionListener@3b35a229, org.springframework.boot.test.autoconfigure.restdocs.RestDocsTestExecutionListener@9816741, org.springframework.boot.test.autoconfigure.web.client.MockRestServiceServerResetTestExecutionListener@1e16c0aa, org.springframework.boot.test.autoconfigure.web.servlet.MockMvcPrintOnlyOnFailureTestExecutionListener@13d73f29, org.springframework.boot.test.autoconfigure.web.servlet.WebDriverTestExecutionListener@565f390, org.springframework.boot.test.autoconfigure.webservices.client.MockWebServiceServerTestExecutionListener@7dc3712]
00:40:57.860 [main] DEBUG org.springframework.test.annotation.ProfileValueUtils - Retrieved @ProfileValueSourceConfiguration [null] for test class [com.example.Testbcnc.TestbcncApplicationTests]
00:40:57.861 [main] DEBUG org.springframework.test.annotation.ProfileValueUtils - Retrieved ProfileValueSource type [class org.springframework.test.annotation.SystemProfileValueSource] for class [com.example.Testbcnc.TestbcncApplicationTests]
00:40:57.862 [main] DEBUG org.springframework.test.annotation.ProfileValueUtils - Retrieved @ProfileValueSourceConfiguration [null] for test class [com.example.Testbcnc.TestbcncApplicationTests]
00:40:57.862 [main] DEBUG org.springframework.test.annotation.ProfileValueUtils - Retrieved ProfileValueSource type [class org.springframework.test.annotation.SystemProfileValueSource] for class [com.example.Testbcnc.TestbcncApplicationTests]
00:40:57.863 [main] DEBUG org.springframework.test.annotation.ProfileValueUtils - Retrieved @ProfileValueSourceConfiguration [null] for test class [com.example.Testbcnc.TestbcncApplicationTests]
00:40:57.863 [main] DEBUG org.springframework.test.annotation.ProfileValueUtils - Retrieved ProfileValueSource type [class org.springframework.test.annotation.SystemProfileValueSource] for class [com.example.Testbcnc.TestbcncApplicationTests]
00:40:58.001 [main] DEBUG org.springframework.test.annotation.ProfileValueUtils - Retrieved @ProfileValueSourceConfiguration [null] for test class [com.example.Testbcnc.TestbcncApplicationTests]
00:40:58.002 [main] DEBUG org.springframework.test.annotation.ProfileValueUtils - Retrieved ProfileValueSource type [class org.springframework.test.annotation.SystemProfileValueSource] for class [com.example.Testbcnc.TestbcncApplicationTests]
00:40:58.016 [main] DEBUG org.springframework.test.annotation.ProfileValueUtils - Retrieved @ProfileValueSourceConfiguration [null] for test class [com.example.Testbcnc.TestbcncApplicationTests]
00:40:58.016 [main] DEBUG org.springframework.test.annotation.ProfileValueUtils - Retrieved ProfileValueSource type [class org.springframework.test.annotation.SystemProfileValueSource] for class [com.example.Testbcnc.TestbcncApplicationTests]
00:40:58.018 [main] DEBUG org.springframework.test.annotation.ProfileValueUtils - Retrieved @ProfileValueSourceConfiguration [null] for test class [com.example.Testbcnc.TestbcncApplicationTests]
00:40:58.019 [main] DEBUG org.springframework.test.annotation.ProfileValueUtils - Retrieved ProfileValueSource type [class org.springframework.test.annotation.SystemProfileValueSource] for class [com.example.Testbcnc.TestbcncApplicationTests]
00:40:58.026 [main] DEBUG org.springframework.test.context.support.AbstractDirtiesContextTestExecutionListener - Before test class: context [DefaultTestContext@2a3888c1 testClass = TestbcncApplicationTests, testInstance = [null], testMethod = [null], testException = [null], mergedContextConfiguration = [WebMergedContextConfiguration@4167d97b testClass = TestbcncApplicationTests, locations = '{}', classes = '{class com.example.Testbcnc.TestbcncApplication}', contextInitializerClasses = '[]', activeProfiles = '{}', propertySourceLocations = '{}', propertySourceProperties = '{org.springframework.boot.test.context.SpringBootTestContextBootstrapper=true}', contextCustomizers = set[[ImportsContextCustomizer@14fa86ae key = [org.springframework.boot.test.autoconfigure.web.servlet.MockMvcWebDriverAutoConfiguration, org.springframework.boot.test.autoconfigure.web.servlet.MockMvcAutoConfiguration, org.springframework.boot.autoconfigure.security.oauth2.client.servlet.OAuth2ClientAutoConfiguration, org.springframework.boot.autoconfigure.security.servlet.SecurityAutoConfiguration, org.springframework.boot.autoconfigure.security.servlet.SecurityFilterAutoConfiguration, org.springframework.boot.autoconfigure.security.servlet.UserDetailsServiceAutoConfiguration, org.springframework.boot.autoconfigure.security.oauth2.resource.servlet.OAuth2ResourceServerAutoConfiguration, org.springframework.boot.test.autoconfigure.web.servlet.MockMvcSecurityConfiguration, org.springframework.boot.test.autoconfigure.web.servlet.MockMvcWebClientAutoConfiguration, org.springframework.boot.test.autoconfigure.web.reactive.WebTestClientAutoConfiguration]], org.springframework.boot.test.context.filter.ExcludeFilterContextCustomizer@6cf0e0ba, org.springframework.boot.test.json.DuplicateJsonObjectContextCustomizerFactory$DuplicateJsonObjectContextCustomizer@6aeb35e6, org.springframework.boot.test.mock.mockito.MockitoContextCustomizer@0, org.springframework.boot.test.web.client.TestRestTemplateContextCustomizer@4c583ecf, org.springframework.boot.test.autoconfigure.actuate.metrics.MetricsExportContextCustomizerFactory$DisableMetricExportContextCustomizer@55141def, org.springframework.boot.test.autoconfigure.properties.PropertyMappingContextCustomizer@4b3fa0b3, org.springframework.boot.test.autoconfigure.web.servlet.WebDriverContextCustomizerFactory$Customizer@5fe94a96, org.springframework.boot.test.context.SpringBootTestArgs@1, org.springframework.boot.test.context.SpringBootTestWebEnvironment@433d61fb], resourceBasePath = 'src/main/webapp', contextLoader = 'org.springframework.boot.test.context.SpringBootContextLoader', parent = [null]], attributes = map['org.springframework.test.context.web.ServletTestExecutionListener.activateListener' -> true]], class annotated with @DirtiesContext [false] with mode [null].
00:40:58.032 [main] DEBUG org.springframework.test.annotation.ProfileValueUtils - Retrieved @ProfileValueSourceConfiguration [null] for test class [com.example.Testbcnc.TestbcncApplicationTests]
00:40:58.033 [main] DEBUG org.springframework.test.annotation.ProfileValueUtils - Retrieved ProfileValueSource type [class org.springframework.test.annotation.SystemProfileValueSource] for class [com.example.Testbcnc.TestbcncApplicationTests]

  .   ____          _            __ _ _
 /\\ / ___'_ __ _ _(_)_ __  __ _ \ \ \ \
( ( )\___ | '_ | '_| | '_ \/ _` | \ \ \ \
 \\/  ___)| |_)| | | | | || (_| |  ) ) ) )
  '  |____| .__|_| |_|_| |_\__, | / / / /
 =========|_|==============|___/=/_/_/_/
 :: Spring Boot ::               (v2.7.18)

2025-10-07 00:40:58.963  INFO 28344 --- [           main] c.e.Testbcnc.TestbcncApplicationTests    : Starting TestbcncApplicationTests using Java 1.8.0_171 on 11LAPF08J1T3 with PID 28344 (started by aguadalajara in C:\PRUEBAS\Testbcnc)
2025-10-07 00:40:58.965  INFO 28344 --- [           main] c.e.Testbcnc.TestbcncApplicationTests    : No active profile set, falling back to 1 default profile: "default"
2025-10-07 00:40:59.811  INFO 28344 --- [           main] .s.d.r.c.RepositoryConfigurationDelegate : Bootstrapping Spring Data JPA repositories in DEFAULT mode.
2025-10-07 00:40:59.901  INFO 28344 --- [           main] .s.d.r.c.RepositoryConfigurationDelegate : Finished Spring Data repository scanning in 77 ms. Found 1 JPA repository interfaces.
2025-10-07 00:41:00.677  INFO 28344 --- [           main] o.hibernate.jpa.internal.util.LogHelper  : HHH000204: Processing PersistenceUnitInfo [name: default]
2025-10-07 00:41:00.770  INFO 28344 --- [           main] org.hibernate.Version                    : HHH000412: Hibernate ORM core version 5.6.15.Final
2025-10-07 00:41:01.057  INFO 28344 --- [           main] o.hibernate.annotations.common.Version   : HCANN000001: Hibernate Commons Annotations {5.1.2.Final}
2025-10-07 00:41:01.706  INFO 28344 --- [           main] com.zaxxer.hikari.HikariDataSource       : HikariPool-1 - Starting...
2025-10-07 00:41:01.977  INFO 28344 --- [           main] com.zaxxer.hikari.HikariDataSource       : HikariPool-1 - Start completed.
2025-10-07 00:41:02.001  INFO 28344 --- [           main] org.hibernate.dialect.Dialect            : HHH000400: Using dialect: org.hibernate.dialect.H2Dialect
2025-10-07 00:41:03.081  INFO 28344 --- [           main] o.h.e.t.j.p.i.JtaPlatformInitiator       : HHH000490: Using JtaPlatform implementation: [org.hibernate.engine.transaction.jta.platform.internal.NoJtaPlatform]
2025-10-07 00:41:03.092  INFO 28344 --- [           main] j.LocalContainerEntityManagerFactoryBean : Initialized JPA EntityManagerFactory for persistence unit 'default'
2025-10-07 00:41:04.624  WARN 28344 --- [           main] JpaBaseConfiguration$JpaWebConfiguration : spring.jpa.open-in-view is enabled by default. Therefore, database queries may be performed during view rendering. Explicitly configure spring.jpa.open-in-view to disable this warning
2025-10-07 00:41:05.231  INFO 28344 --- [           main] o.s.b.a.h2.H2ConsoleAutoConfiguration    : H2 console available at '/h2-console'. Database available at 'jdbc:h2:mem:testdb'
2025-10-07 00:41:06.220  INFO 28344 --- [           main] o.s.b.t.m.w.SpringBootMockServletContext : Initializing Spring TestDispatcherServlet ''
2025-10-07 00:41:06.220  INFO 28344 --- [           main] o.s.t.web.servlet.TestDispatcherServlet  : Initializing Servlet ''
2025-10-07 00:41:06.221  INFO 28344 --- [           main] o.s.t.web.servlet.TestDispatcherServlet  : Completed initialization in 1 ms
2025-10-07 00:41:06.257  INFO 28344 --- [           main] c.e.Testbcnc.TestbcncApplicationTests    : Started TestbcncApplicationTests in 7.878 seconds (JVM running for 10.145)
------------------------------------------------
Respuesta del servicio /ping: ¡PONG!
]]></system-out>
  </testcase>
  <testcase name="test1" classname="com.example.Testbcnc.TestbcncApplicationTests" time="0.203">
    <system-out><![CDATA[------------------------------------------------
BRAND_ID: 1
START_DATE: 2020-06-14T00:00
END_DATE: 2020-12-31T23:59:59
PRICE_LIST: 1
PRODUCT_ID: 35455
PRIORITY: 0
PRICE: 35.50
CURR: EUR
]]></system-out>
  </testcase>
  <testcase name="test2" classname="com.example.Testbcnc.TestbcncApplicationTests" time="0.009">
    <system-out><![CDATA[------------------------------------------------
BRAND_ID: 1
START_DATE: 2020-06-14T15:00
END_DATE: 2020-06-14T18:30
PRICE_LIST: 2
PRODUCT_ID: 35455
PRIORITY: 1
PRICE: 25.45
CURR: EUR
]]></system-out>
  </testcase>
  <testcase name="test3" classname="com.example.Testbcnc.TestbcncApplicationTests" time="0.011">
    <system-out><![CDATA[------------------------------------------------
BRAND_ID: 1
START_DATE: 2020-06-14T00:00
END_DATE: 2020-12-31T23:59:59
PRICE_LIST: 1
PRODUCT_ID: 35455
PRIORITY: 0
PRICE: 35.50
CURR: EUR
]]></system-out>
  </testcase>
  <testcase name="test4" classname="com.example.Testbcnc.TestbcncApplicationTests" time="0.013">
    <system-out><![CDATA[------------------------------------------------
BRAND_ID: 1
START_DATE: 2020-06-15T00:00
END_DATE: 2020-06-15T11:00
PRICE_LIST: 3
PRODUCT_ID: 35455
PRIORITY: 1
PRICE: 30.50
CURR: EUR
]]></system-out>
  </testcase>
  <testcase name="test5" classname="com.example.Testbcnc.TestbcncApplicationTests" time="0.007">
    <system-out><![CDATA[------------------------------------------------
BRAND_ID: 1
START_DATE: 2020-06-15T16:00
END_DATE: 2020-12-31T23:59:59
PRICE_LIST: 4
PRODUCT_ID: 35455
PRIORITY: 1
PRICE: 38.95
CURR: EUR
]]></system-out>
  </testcase>
  <testcase name="test6" classname="com.example.Testbcnc.TestbcncApplicationTests" time="0.011">
    <system-out><![CDATA[------------------------------------------------
Fallo al pintar la respuesta: Unrecognized token 'No': was expecting (JSON String, Number, Array, Object or token 'null', 'true' or 'false')
 at [Source: (String)"No se ha encontrado un precio para los parámetros indicados"; line: 1, column: 3]
]]></system-out>
    <system-err><![CDATA[com.fasterxml.jackson.core.JsonParseException: Unrecognized token 'No': was expecting (JSON String, Number, Array, Object or token 'null', 'true' or 'false')
 at [Source: (String)"No se ha encontrado un precio para los parámetros indicados"; line: 1, column: 3]
	at com.fasterxml.jackson.core.JsonParser._constructError(JsonParser.java:2391)
	at com.fasterxml.jackson.core.base.ParserMinimalBase._reportError(ParserMinimalBase.java:745)
	at com.fasterxml.jackson.core.json.ReaderBasedJsonParser._reportInvalidToken(ReaderBasedJsonParser.java:2961)
	at com.fasterxml.jackson.core.json.ReaderBasedJsonParser._reportInvalidToken(ReaderBasedJsonParser.java:2939)
	at com.fasterxml.jackson.core.json.ReaderBasedJsonParser._matchToken(ReaderBasedJsonParser.java:2713)
	at com.fasterxml.jackson.core.json.ReaderBasedJsonParser._handleOddValue(ReaderBasedJsonParser.java:1979)
	at com.fasterxml.jackson.core.json.ReaderBasedJsonParser.nextToken(ReaderBasedJsonParser.java:802)
	at com.fasterxml.jackson.databind.ObjectMapper._initForReading(ObjectMapper.java:4761)
	at com.fasterxml.jackson.databind.ObjectMapper._readMapAndClose(ObjectMapper.java:4667)
	at com.fasterxml.jackson.databind.ObjectMapper.readValue(ObjectMapper.java:3629)
	at com.fasterxml.jackson.databind.ObjectMapper.readValue(ObjectMapper.java:3597)
	at com.example.Testbcnc.TestbcncApplicationTests.pintarRespuesta(TestbcncApplicationTests.java:47)
	at com.example.Testbcnc.TestbcncApplicationTests.lanzarTest(TestbcncApplicationTests.java:92)
	at com.example.Testbcnc.TestbcncApplicationTests.test6(TestbcncApplicationTests.java:126)
	at sun.reflect.NativeMethodAccessorImpl.invoke0(Native Method)
	at sun.reflect.NativeMethodAccessorImpl.invoke(NativeMethodAccessorImpl.java:62)
	at sun.reflect.DelegatingMethodAccessorImpl.invoke(DelegatingMethodAccessorImpl.java:43)
	at java.lang.reflect.Method.invoke(Method.java:498)
	at org.junit.runners.model.FrameworkMethod$1.runReflectiveCall(FrameworkMethod.java:59)
	at org.junit.internal.runners.model.ReflectiveCallable.run(ReflectiveCallable.java:12)
	at org.junit.runners.model.FrameworkMethod.invokeExplosively(FrameworkMethod.java:56)
	at org.junit.internal.runners.statements.InvokeMethod.evaluate(InvokeMethod.java:17)
	at org.springframework.test.context.junit4.statements.RunBeforeTestExecutionCallbacks.evaluate(RunBeforeTestExecutionCallbacks.java:74)
	at org.springframework.test.context.junit4.statements.RunAfterTestExecutionCallbacks.evaluate(RunAfterTestExecutionCallbacks.java:84)
	at org.springframework.test.context.junit4.statements.RunBeforeTestMethodCallbacks.evaluate(RunBeforeTestMethodCallbacks.java:75)
	at org.springframework.test.context.junit4.statements.RunAfterTestMethodCallbacks.evaluate(RunAfterTestMethodCallbacks.java:86)
	at org.springframework.test.context.junit4.statements.SpringRepeat.evaluate(SpringRepeat.java:84)
	at org.junit.runners.ParentRunner.runLeaf(ParentRunner.java:366)
	at org.springframework.test.context.junit4.SpringJUnit4ClassRunner.runChild(SpringJUnit4ClassRunner.java:251)
	at org.springframework.test.context.junit4.SpringJUnit4ClassRunner.runChild(SpringJUnit4ClassRunner.java:97)
	at org.junit.runners.ParentRunner$4.run(ParentRunner.java:331)
	at org.junit.runners.ParentRunner$1.schedule(ParentRunner.java:79)
	at org.junit.runners.ParentRunner.runChildren(ParentRunner.java:329)
	at org.junit.runners.ParentRunner.access$100(ParentRunner.java:66)
	at org.junit.runners.ParentRunner$2.evaluate(ParentRunner.java:293)
	at org.springframework.test.context.junit4.statements.RunBeforeTestClassCallbacks.evaluate(RunBeforeTestClassCallbacks.java:61)
	at org.springframework.test.context.junit4.statements.RunAfterTestClassCallbacks.evaluate(RunAfterTestClassCallbacks.java:70)
	at org.junit.runners.ParentRunner$3.evaluate(ParentRunner.java:306)
	at org.junit.runners.ParentRunner.run(ParentRunner.java:413)
	at org.springframework.test.context.junit4.SpringJUnit4ClassRunner.run(SpringJUnit4ClassRunner.java:190)
	at org.junit.runner.JUnitCore.run(JUnitCore.java:137)
	at org.junit.runner.JUnitCore.run(JUnitCore.java:115)
	at org.junit.vintage.engine.execution.RunnerExecutor.execute(RunnerExecutor.java:42)
	at org.junit.vintage.engine.VintageTestEngine.executeAllChildren(VintageTestEngine.java:80)
	at org.junit.vintage.engine.VintageTestEngine.execute(VintageTestEngine.java:72)
	at org.junit.platform.launcher.core.EngineExecutionOrchestrator.execute(EngineExecutionOrchestrator.java:107)
	at org.junit.platform.launcher.core.EngineExecutionOrchestrator.execute(EngineExecutionOrchestrator.java:88)
	at org.junit.platform.launcher.core.EngineExecutionOrchestrator.lambda$execute$0(EngineExecutionOrchestrator.java:54)
	at org.junit.platform.launcher.core.EngineExecutionOrchestrator.withInterceptedStreams(EngineExecutionOrchestrator.java:67)
	at org.junit.platform.launcher.core.EngineExecutionOrchestrator.execute(EngineExecutionOrchestrator.java:52)
	at org.junit.platform.launcher.core.DefaultLauncher.execute(DefaultLauncher.java:114)
	at org.junit.platform.launcher.core.DefaultLauncher.execute(DefaultLauncher.java:86)
	at org.junit.platform.launcher.core.DefaultLauncherSession$DelegatingLauncher.execute(DefaultLauncherSession.java:86)
	at org.apache.maven.surefire.junitplatform.LazyLauncher.execute(LazyLauncher.java:56)
	at org.apache.maven.surefire.junitplatform.JUnitPlatformProvider.execute(JUnitPlatformProvider.java:184)
	at org.apache.maven.surefire.junitplatform.JUnitPlatformProvider.invokeAllTests(JUnitPlatformProvider.java:148)
	at org.apache.maven.surefire.junitplatform.JUnitPlatformProvider.invoke(JUnitPlatformProvider.java:122)
	at org.apache.maven.surefire.booter.ForkedBooter.runSuitesInProcess(ForkedBooter.java:385)
	at org.apache.maven.surefire.booter.ForkedBooter.execute(ForkedBooter.java:162)
	at org.apache.maven.surefire.booter.ForkedBooter.run(ForkedBooter.java:507)
	at org.apache.maven.surefire.booter.ForkedBooter.main(ForkedBooter.java:495)
]]></system-err>
  </testcase>
</testsuite>