<?xml version="1.0" encoding="UTF-8"?>
<testsuite xmlns:xsi="http://www.w3.org/2001/XMLSchema-instance" xsi:noNamespaceSchemaLocation="https://maven.apache.org/surefire/maven-surefire-plugin/xsd/surefire-test-report-3.0.xsd" version="3.0" name="com.example.Testbcnc.TestbcncApplicationTests" time="20.838" tests="8" errors="0" skipped="0" failures="0">
  <properties>
[...]
</properties>
  <testcase name="test" classname="com.example.Testbcnc.TestbcncApplicationTests" time="0.904">
    <system-out><![CDATA[12:58:56.230 [main] DEBUG org.springframework.test.context.junit4.SpringJUnit4ClassRunner - SpringJUnit4ClassRunner constructor called with [class com.example.Testbcnc.TestbcncApplicationTests]
12:58:56.240 [main] DEBUG org.springframework.test.context.BootstrapUtils - Instantiating CacheAwareContextLoaderDelegate from class [org.springframework.test.context.cache.DefaultCacheAwareContextLoaderDelegate]
12:58:56.252 [main] DEBUG org.springframework.test.context.BootstrapUtils - Instantiating BootstrapContext using constructor [public org.springframework.test.context.support.DefaultBootstrapContext(java.lang.Class,org.springframework.test.context.CacheAwareContextLoaderDelegate)]
12:58:56.308 [main] DEBUG org.springframework.test.context.BootstrapUtils - Instantiating TestContextBootstrapper for test class [com.example.Testbcnc.TestbcncApplicationTests] from class [org.springframework.boot.test.context.SpringBootTestContextBootstrapper]
12:58:56.333 [main] INFO org.springframework.boot.test.context.SpringBootTestContextBootstrapper - Neither @ContextConfiguration nor @ContextHierarchy found for test class [com.example.Testbcnc.TestbcncApplicationTests], using SpringBootContextLoader
12:58:56.340 [main] DEBUG org.springframework.test.context.support.AbstractContextLoader - Did not detect default resource location for test class [com.example.Testbcnc.TestbcncApplicationTests]: class path resource [com/example/Testbcnc/TestbcncApplicationTests-context.xml] does not exist
12:58:56.341 [main] DEBUG org.springframework.test.context.support.AbstractContextLoader - Did not detect default resource location for test class [com.example.Testbcnc.TestbcncApplicationTests]: class path resource [com/example/Testbcnc/TestbcncApplicationTestsContext.groovy] does not exist
12:58:56.341 [main] INFO org.springframework.test.context.support.AbstractContextLoader - Could not detect default resource locations for test class [com.example.Testbcnc.TestbcncApplicationTests]: no resource found for suffixes {-context.xml, Context.groovy}.
12:58:56.343 [main] INFO org.springframework.test.context.support.AnnotationConfigContextLoaderUtils - Could not detect default configuration classes for test class [com.example.Testbcnc.TestbcncApplicationTests]: TestbcncApplicationTests does not declare any static, non-private, non-final, nested classes annotated with @Configuration.
12:58:56.460 [main] DEBUG org.springframework.test.context.support.ActiveProfilesUtils - Could not find an 'annotation declaring class' for annotation type [org.springframework.test.context.ActiveProfiles] and class [com.example.Testbcnc.TestbcncApplicationTests]
12:58:56.616 [main] DEBUG org.springframework.context.annotation.ClassPathScanningCandidateComponentProvider - Identified candidate component class: file [C:\PRUEBAS\Testbcnc\target\classes\com\example\Testbcnc\TestbcncApplication.class]
12:58:56.624 [main] INFO org.springframework.boot.test.context.SpringBootTestContextBootstrapper - Found @SpringBootConfiguration com.example.Testbcnc.TestbcncApplication for test class com.example.Testbcnc.TestbcncApplicationTests
12:58:56.804 [main] DEBUG org.springframework.boot.test.context.SpringBootTestContextBootstrapper - @TestExecutionListeners is not present for class [com.example.Testbcnc.TestbcncApplicationTests]: using defaults.
12:58:56.806 [main] INFO org.springframework.boot.test.context.SpringBootTestContextBootstrapper - Loaded default TestExecutionListener class names from location [META-INF/spring.factories]: [org.springframework.boot.test.mock.mockito.MockitoTestExecutionListener, org.springframework.boot.test.mock.mockito.ResetMocksTestExecutionListener, org.springframework.boot.test.autoconfigure.restdocs.RestDocsTestExecutionListener, org.springframework.boot.test.autoconfigure.web.client.MockRestServiceServerResetTestExecutionListener, org.springframework.boot.test.autoconfigure.web.servlet.MockMvcPrintOnlyOnFailureTestExecutionListener, org.springframework.boot.test.autoconfigure.web.servlet.WebDriverTestExecutionListener, org.springframework.boot.test.autoconfigure.webservices.client.MockWebServiceServerTestExecutionListener, org.springframework.test.context.web.ServletTestExecutionListener, org.springframework.test.context.support.DirtiesContextBeforeModesTestExecutionListener, org.springframework.test.context.event.ApplicationEventsTestExecutionListener, org.springframework.test.context.support.DependencyInjectionTestExecutionListener, org.springframework.test.context.support.DirtiesContextTestExecutionListener, org.springframework.test.context.transaction.TransactionalTestExecutionListener, org.springframework.test.context.jdbc.SqlScriptsTestExecutionListener, org.springframework.test.context.event.EventPublishingTestExecutionListener]
12:58:56.867 [main] INFO org.springframework.boot.test.context.SpringBootTestContextBootstrapper - Using TestExecutionListeners: [org.springframework.test.context.web.ServletTestExecutionListener@673fdbce, org.springframework.test.context.support.DirtiesContextBeforeModesTestExecutionListener@5965d37, org.springframework.test.context.event.ApplicationEventsTestExecutionListener@7a5ceedd, org.springframework.boot.test.mock.mockito.MockitoTestExecutionListener@4201c465, org.springframework.boot.test.autoconfigure.SpringBootDependencyInjectionTestExecutionListener@5b799640, org.springframework.test.context.support.DirtiesContextTestExecutionListener@6cb107fd, org.springframework.test.context.transaction.TransactionalTestExecutionListener@710636b0, org.springframework.test.context.jdbc.SqlScriptsTestExecutionListener@3de8f619, org.springframework.test.context.event.EventPublishingTestExecutionListener@2ab4bc72, org.springframework.boot.test.mock.mockito.ResetMocksTestExecutionListener@4e5ed836, org.springframework.boot.test.autoconfigure.restdocs.RestDocsTestExecutionListener@eadd4fb, org.springframework.boot.test.autoconfigure.web.client.MockRestServiceServerResetTestExecutionListener@740fb309, org.springframework.boot.test.autoconfigure.web.servlet.MockMvcPrintOnlyOnFailureTestExecutionListener@7bd7d6d6, org.springframework.boot.test.autoconfigure.web.servlet.WebDriverTestExecutionListener@43f02ef2, org.springframework.boot.test.autoconfigure.webservices.client.MockWebServiceServerTestExecutionListener@239a307b]
12:58:56.875 [main] DEBUG org.springframework.test.annotation.ProfileValueUtils - Retrieved @ProfileValueSourceConfiguration [null] for test class [com.example.Testbcnc.TestbcncApplicationTests]
12:58:56.876 [main] DEBUG org.springframework.test.annotation.ProfileValueUtils - Retrieved ProfileValueSource type [class org.springframework.test.annotation.SystemProfileValueSource] for class [com.example.Testbcnc.TestbcncApplicationTests]
12:58:56.880 [main] DEBUG org.springframework.test.annotation.ProfileValueUtils - Retrieved @ProfileValueSourceConfiguration [null] for test class [com.example.Testbcnc.TestbcncApplicationTests]
12:58:56.880 [main] DEBUG org.springframework.test.annotation.ProfileValueUtils - Retrieved ProfileValueSource type [class org.springframework.test.annotation.SystemProfileValueSource] for class [com.example.Testbcnc.TestbcncApplicationTests]
12:58:56.892 [main] DEBUG org.springframework.test.annotation.ProfileValueUtils - Retrieved @ProfileValueSourceConfiguration [null] for test class [com.example.Testbcnc.TestbcncApplicationTests]
12:58:56.892 [main] DEBUG org.springframework.test.annotation.ProfileValueUtils - Retrieved ProfileValueSource type [class org.springframework.test.annotation.SystemProfileValueSource] for class [com.example.Testbcnc.TestbcncApplicationTests]
12:58:56.958 [main] DEBUG org.springframework.test.context.junit4.SpringJUnit4ClassRunner - SpringJUnit4ClassRunner constructor called with [class com.example.Testbcnc.TestbcncApplicationTests]
12:58:56.959 [main] DEBUG org.springframework.test.context.BootstrapUtils - Instantiating CacheAwareContextLoaderDelegate from class [org.springframework.test.context.cache.DefaultCacheAwareContextLoaderDelegate]
12:58:56.959 [main] DEBUG org.springframework.test.context.BootstrapUtils - Instantiating BootstrapContext using constructor [public org.springframework.test.context.support.DefaultBootstrapContext(java.lang.Class,org.springframework.test.context.CacheAwareContextLoaderDelegate)]
12:58:56.960 [main] DEBUG org.springframework.test.context.BootstrapUtils - Instantiating TestContextBootstrapper for test class [com.example.Testbcnc.TestbcncApplicationTests] from class [org.springframework.boot.test.context.SpringBootTestContextBootstrapper]
12:58:56.961 [main] INFO org.springframework.boot.test.context.SpringBootTestContextBootstrapper - Neither @ContextConfiguration nor @ContextHierarchy found for test class [com.example.Testbcnc.TestbcncApplicationTests], using SpringBootContextLoader
12:58:56.962 [main] DEBUG org.springframework.test.context.support.AbstractContextLoader - Did not detect default resource location for test class [com.example.Testbcnc.TestbcncApplicationTests]: class path resource [com/example/Testbcnc/TestbcncApplicationTests-context.xml] does not exist
12:58:56.964 [main] DEBUG org.springframework.test.context.support.AbstractContextLoader - Did not detect default resource location for test class [com.example.Testbcnc.TestbcncApplicationTests]: class path resource [com/example/Testbcnc/TestbcncApplicationTestsContext.groovy] does not exist
12:58:56.964 [main] INFO org.springframework.test.context.support.AbstractContextLoader - Could not detect default resource locations for test class [com.example.Testbcnc.TestbcncApplicationTests]: no resource found for suffixes {-context.xml, Context.groovy}.
12:58:56.964 [main] INFO org.springframework.test.context.support.AnnotationConfigContextLoaderUtils - Could not detect default configuration classes for test class [com.example.Testbcnc.TestbcncApplicationTests]: TestbcncApplicationTests does not declare any static, non-private, non-final, nested classes annotated with @Configuration.
12:58:56.978 [main] DEBUG org.springframework.test.context.support.ActiveProfilesUtils - Could not find an 'annotation declaring class' for annotation type [org.springframework.test.context.ActiveProfiles] and class [com.example.Testbcnc.TestbcncApplicationTests]
12:58:56.979 [main] INFO org.springframework.boot.test.context.SpringBootTestContextBootstrapper - Found @SpringBootConfiguration com.example.Testbcnc.TestbcncApplication for test class com.example.Testbcnc.TestbcncApplicationTests
12:58:56.982 [main] DEBUG org.springframework.boot.test.context.SpringBootTestContextBootstrapper - @TestExecutionListeners is not present for class [com.example.Testbcnc.TestbcncApplicationTests]: using defaults.
12:58:56.983 [main] INFO org.springframework.boot.test.context.SpringBootTestContextBootstrapper - Loaded default TestExecutionListener class names from location [META-INF/spring.factories]: [org.springframework.boot.test.mock.mockito.MockitoTestExecutionListener, org.springframework.boot.test.mock.mockito.ResetMocksTestExecutionListener, org.springframework.boot.test.autoconfigure.restdocs.RestDocsTestExecutionListener, org.springframework.boot.test.autoconfigure.web.client.MockRestServiceServerResetTestExecutionListener, org.springframework.boot.test.autoconfigure.web.servlet.MockMvcPrintOnlyOnFailureTestExecutionListener, org.springframework.boot.test.autoconfigure.web.servlet.WebDriverTestExecutionListener, org.springframework.boot.test.autoconfigure.webservices.client.MockWebServiceServerTestExecutionListener, org.springframework.test.context.web.ServletTestExecutionListener, org.springframework.test.context.support.DirtiesContextBeforeModesTestExecutionListener, org.springframework.test.context.event.ApplicationEventsTestExecutionListener, org.springframework.test.context.support.DependencyInjectionTestExecutionListener, org.springframework.test.context.support.DirtiesContextTestExecutionListener, org.springframework.test.context.transaction.TransactionalTestExecutionListener, org.springframework.test.context.jdbc.SqlScriptsTestExecutionListener, org.springframework.test.context.event.EventPublishingTestExecutionListener]
12:58:56.984 [main] INFO org.springframework.boot.test.context.SpringBootTestContextBootstrapper - Using TestExecutionListeners: [org.springframework.test.context.web.ServletTestExecutionListener@49c90a9c, org.springframework.test.context.support.DirtiesContextBeforeModesTestExecutionListener@2d29b4ee, org.springframework.test.context.event.ApplicationEventsTestExecutionListener@69ee81fc, org.springframework.boot.test.mock.mockito.MockitoTestExecutionListener@6e2aa843, org.springframework.boot.test.autoconfigure.SpringBootDependencyInjectionTestExecutionListener@6f36c2f0, org.springframework.test.context.support.DirtiesContextTestExecutionListener@f58853c, org.springframework.test.context.transaction.TransactionalTestExecutionListener@1224144a, org.springframework.test.context.jdbc.SqlScriptsTestExecutionListener@29f7cefd, org.springframework.test.context.event.EventPublishingTestExecutionListener@700fb871, org.springframework.boot.test.mock.mockito.ResetMocksTestExecutionListener@3b35a229, org.springframework.boot.test.autoconfigure.restdocs.RestDocsTestExecutionListener@9816741, org.springframework.boot.test.autoconfigure.web.client.MockRestServiceServerResetTestExecutionListener@1e16c0aa, org.springframework.boot.test.autoconfigure.web.servlet.MockMvcPrintOnlyOnFailureTestExecutionListener@13d73f29, org.springframework.boot.test.autoconfigure.web.servlet.WebDriverTestExecutionListener@565f390, org.springframework.boot.test.autoconfigure.webservices.client.MockWebServiceServerTestExecutionListener@7dc3712]
12:58:56.984 [main] DEBUG org.springframework.test.annotation.ProfileValueUtils - Retrieved @ProfileValueSourceConfiguration [null] for test class [com.example.Testbcnc.TestbcncApplicationTests]
12:58:56.985 [main] DEBUG org.springframework.test.annotation.ProfileValueUtils - Retrieved ProfileValueSource type [class org.springframework.test.annotation.SystemProfileValueSource] for class [com.example.Testbcnc.TestbcncApplicationTests]
12:58:56.985 [main] DEBUG org.springframework.test.annotation.ProfileValueUtils - Retrieved @ProfileValueSourceConfiguration [null] for test class [com.example.Testbcnc.TestbcncApplicationTests]
12:58:56.985 [main] DEBUG org.springframework.test.annotation.ProfileValueUtils - Retrieved ProfileValueSource type [class org.springframework.test.annotation.SystemProfileValueSource] for class [com.example.Testbcnc.TestbcncApplicationTests]
12:58:56.986 [main] DEBUG org.springframework.test.annotation.ProfileValueUtils - Retrieved @ProfileValueSourceConfiguration [null] for test class [com.example.Testbcnc.TestbcncApplicationTests]
12:58:56.986 [main] DEBUG org.springframework.test.annotation.ProfileValueUtils - Retrieved ProfileValueSource type [class org.springframework.test.annotation.SystemProfileValueSource] for class [com.example.Testbcnc.TestbcncApplicationTests]
12:58:57.074 [main] DEBUG org.springframework.test.annotation.ProfileValueUtils - Retrieved @ProfileValueSourceConfiguration [null] for test class [com.example.Testbcnc.TestbcncApplicationTests]
12:58:57.075 [main] DEBUG org.springframework.test.annotation.ProfileValueUtils - Retrieved ProfileValueSource type [class org.springframework.test.annotation.SystemProfileValueSource] for class [com.example.Testbcnc.TestbcncApplicationTests]
12:58:57.080 [main] DEBUG org.springframework.test.annotation.ProfileValueUtils - Retrieved @ProfileValueSourceConfiguration [null] for test class [com.example.Testbcnc.TestbcncApplicationTests]
12:58:57.080 [main] DEBUG org.springframework.test.annotation.ProfileValueUtils - Retrieved ProfileValueSource type [class org.springframework.test.annotation.SystemProfileValueSource] for class [com.example.Testbcnc.TestbcncApplicationTests]
12:58:57.081 [main] DEBUG org.springframework.test.annotation.ProfileValueUtils - Retrieved @ProfileValueSourceConfiguration [null] for test class [com.example.Testbcnc.TestbcncApplicationTests]
12:58:57.081 [main] DEBUG org.springframework.test.annotation.ProfileValueUtils - Retrieved ProfileValueSource type [class org.springframework.test.annotation.SystemProfileValueSource] for class [com.example.Testbcnc.TestbcncApplicationTests]
12:58:57.090 [main] DEBUG org.springframework.test.context.support.AbstractDirtiesContextTestExecutionListener - Before test class: context [DefaultTestContext@2a3888c1 testClass = TestbcncApplicationTests, testInstance = [null], testMethod = [null], testException = [null], mergedContextConfiguration = [WebMergedContextConfiguration@4167d97b testClass = TestbcncApplicationTests, locations = '{}', classes = '{class com.example.Testbcnc.TestbcncApplication}', contextInitializerClasses = '[]', activeProfiles = '{}', propertySourceLocations = '{}', propertySourceProperties = '{org.springframework.boot.test.context.SpringBootTestContextBootstrapper=true}', contextCustomizers = set[[ImportsContextCustomizer@14fa86ae key = [org.springframework.boot.test.autoconfigure.web.servlet.MockMvcWebDriverAutoConfiguration, org.springframework.boot.test.autoconfigure.web.servlet.MockMvcAutoConfiguration, org.springframework.boot.autoconfigure.security.oauth2.client.servlet.OAuth2ClientAutoConfiguration, org.springframework.boot.autoconfigure.security.servlet.SecurityAutoConfiguration, org.springframework.boot.autoconfigure.security.servlet.SecurityFilterAutoConfiguration, org.springframework.boot.autoconfigure.security.servlet.UserDetailsServiceAutoConfiguration, org.springframework.boot.autoconfigure.security.oauth2.resource.servlet.OAuth2ResourceServerAutoConfiguration, org.springframework.boot.test.autoconfigure.web.servlet.MockMvcSecurityConfiguration, org.springframework.boot.test.autoconfigure.web.servlet.MockMvcWebClientAutoConfiguration, org.springframework.boot.test.autoconfigure.web.reactive.WebTestClientAutoConfiguration]], org.springframework.boot.test.context.filter.ExcludeFilterContextCustomizer@6cf0e0ba, org.springframework.boot.test.json.DuplicateJsonObjectContextCustomizerFactory$DuplicateJsonObjectContextCustomizer@6aeb35e6, org.springframework.boot.test.mock.mockito.MockitoContextCustomizer@0, org.springframework.boot.test.web.client.TestRestTemplateContextCustomizer@4c583ecf, org.springframework.boot.test.autoconfigure.actuate.metrics.MetricsExportContextCustomizerFactory$DisableMetricExportContextCustomizer@55141def, org.springframework.boot.test.autoconfigure.properties.PropertyMappingContextCustomizer@4b3fa0b3, org.springframework.boot.test.autoconfigure.web.servlet.WebDriverContextCustomizerFactory$Customizer@5fe94a96, org.springframework.boot.test.context.SpringBootTestArgs@1, org.springframework.boot.test.context.SpringBootTestWebEnvironment@433d61fb], resourceBasePath = 'src/main/webapp', contextLoader = 'org.springframework.boot.test.context.SpringBootContextLoader', parent = [null]], attributes = map['org.springframework.test.context.web.ServletTestExecutionListener.activateListener' -> true]], class annotated with @DirtiesContext [false] with mode [null].
12:58:57.093 [main] DEBUG org.springframework.test.annotation.ProfileValueUtils - Retrieved @ProfileValueSourceConfiguration [null] for test class [com.example.Testbcnc.TestbcncApplicationTests]
12:58:57.093 [main] DEBUG org.springframework.test.annotation.ProfileValueUtils - Retrieved ProfileValueSource type [class org.springframework.test.annotation.SystemProfileValueSource] for class [com.example.Testbcnc.TestbcncApplicationTests]

  .   ____          _            __ _ _
 /\\ / ___'_ __ _ _(_)_ __  __ _ \ \ \ \
( ( )\___ | '_ | '_| | '_ \/ _` | \ \ \ \
 \\/  ___)| |_)| | | | | || (_| |  ) ) ) )
  '  |____| .__|_| |_|_| |_\__, | / / / /
 =========|_|==============|___/=/_/_/_/
 :: Spring Boot ::               (v2.7.18)

2025-10-07 12:58:58.220  INFO 31252 --- [           main] c.e.Testbcnc.TestbcncApplicationTests    : Starting TestbcncApplicationTests using Java 1.8.0_171 on 11LAPF08J1T3 with PID 31252 (started by aguadalajara in C:\PRUEBAS\Testbcnc)
2025-10-07 12:58:58.221  INFO 31252 --- [           main] c.e.Testbcnc.TestbcncApplicationTests    : No active profile set, falling back to 1 default profile: "default"
2025-10-07 12:58:59.830  INFO 31252 --- [           main] .s.d.r.c.RepositoryConfigurationDelegate : Bootstrapping Spring Data JPA repositories in DEFAULT mode.
2025-10-07 12:58:59.956  INFO 31252 --- [           main] .s.d.r.c.RepositoryConfigurationDelegate : Finished Spring Data repository scanning in 107 ms. Found 1 JPA repository interfaces.
2025-10-07 12:59:01.027  INFO 31252 --- [           main] o.hibernate.jpa.internal.util.LogHelper  : HHH000204: Processing PersistenceUnitInfo [name: default]
2025-10-07 12:59:01.167  INFO 31252 --- [           main] org.hibernate.Version                    : HHH000412: Hibernate ORM core version 5.6.15.Final
2025-10-07 12:59:01.556  INFO 31252 --- [           main] o.hibernate.annotations.common.Version   : HCANN000001: Hibernate Commons Annotations {5.1.2.Final}
2025-10-07 12:59:02.393  INFO 31252 --- [           main] com.zaxxer.hikari.HikariDataSource       : HikariPool-1 - Starting...
2025-10-07 12:59:02.850  INFO 31252 --- [           main] com.zaxxer.hikari.HikariDataSource       : HikariPool-1 - Start completed.
2025-10-07 12:59:02.929  INFO 31252 --- [           main] org.hibernate.dialect.Dialect            : HHH000400: Using dialect: org.hibernate.dialect.H2Dialect
2025-10-07 12:59:06.513  INFO 31252 --- [           main] o.h.e.t.j.p.i.JtaPlatformInitiator       : HHH000490: Using JtaPlatform implementation: [org.hibernate.engine.transaction.jta.platform.internal.NoJtaPlatform]
2025-10-07 12:59:06.553  INFO 31252 --- [           main] j.LocalContainerEntityManagerFactoryBean : Initialized JPA EntityManagerFactory for persistence unit 'default'
2025-10-07 12:59:10.918  WARN 31252 --- [           main] JpaBaseConfiguration$JpaWebConfiguration : spring.jpa.open-in-view is enabled by default. Therefore, database queries may be performed during view rendering. Explicitly configure spring.jpa.open-in-view to disable this warning
2025-10-07 12:59:12.535  INFO 31252 --- [           main] o.s.b.a.h2.H2ConsoleAutoConfiguration    : H2 console available at '/h2-console'. Database available at 'jdbc:h2:mem:testdb'
2025-10-07 12:59:15.192  INFO 31252 --- [           main] o.s.b.t.m.w.SpringBootMockServletContext : Initializing Spring TestDispatcherServlet ''
2025-10-07 12:59:15.192  INFO 31252 --- [           main] o.s.t.web.servlet.TestDispatcherServlet  : Initializing Servlet ''
2025-10-07 12:59:15.194  INFO 31252 --- [           main] o.s.t.web.servlet.TestDispatcherServlet  : Completed initialization in 2 ms
2025-10-07 12:59:15.299  INFO 31252 --- [           main] c.e.Testbcnc.TestbcncApplicationTests    : Started TestbcncApplicationTests in 17.867 seconds (JVM running for 20.253)
------------------------------------------------
Respuesta del servicio /ping: ¡PONG!
]]></system-out>
  </testcase>
  <testcase name="test1" classname="com.example.Testbcnc.TestbcncApplicationTests" time="1.175">
    <system-out><![CDATA[
------------------
|     TEST 1     |
------------------
BRAND_ID: 1
START_DATE: 2020-06-14T00:00
END_DATE: 2020-12-31T23:59:59
PRICE_LIST: 1
PRODUCT_ID: 35455
PRIORITY: 0
PRICE: 35.50
CURR: EUR
]]></system-out>
  </testcase>
  <testcase name="test2" classname="com.example.Testbcnc.TestbcncApplicationTests" time="0.1">
    <system-out><![CDATA[
------------------
|     TEST 2     |
------------------
BRAND_ID: 1
START_DATE: 2020-06-14T15:00
END_DATE: 2020-06-14T18:30
PRICE_LIST: 2
PRODUCT_ID: 35455
PRIORITY: 1
PRICE: 25.45
CURR: EUR
]]></system-out>
  </testcase>
  <testcase name="test3" classname="com.example.Testbcnc.TestbcncApplicationTests" time="0.055">
    <system-out><![CDATA[
------------------
|     TEST 3     |
------------------
BRAND_ID: 1
START_DATE: 2020-06-14T00:00
END_DATE: 2020-12-31T23:59:59
PRICE_LIST: 1
PRODUCT_ID: 35455
PRIORITY: 0
PRICE: 35.50
CURR: EUR
]]></system-out>
  </testcase>
  <testcase name="test4" classname="com.example.Testbcnc.TestbcncApplicationTests" time="0.042">
    <system-out><![CDATA[
------------------
|     TEST 4     |
------------------
BRAND_ID: 1
START_DATE: 2020-06-15T00:00
END_DATE: 2020-06-15T11:00
PRICE_LIST: 3
PRODUCT_ID: 35455
PRIORITY: 1
PRICE: 30.50
CURR: EUR
]]></system-out>
  </testcase>
  <testcase name="test5" classname="com.example.Testbcnc.TestbcncApplicationTests" time="0.036">
    <system-out><![CDATA[
------------------
|     TEST 5     |
------------------
BRAND_ID: 1
START_DATE: 2020-06-15T16:00
END_DATE: 2020-12-31T23:59:59
PRICE_LIST: 4
PRODUCT_ID: 35455
PRIORITY: 1
PRICE: 38.95
CURR: EUR
]]></system-out>
  </testcase>
  <testcase name="test6" classname="com.example.Testbcnc.TestbcncApplicationTests" time="0.024">
    <system-out><![CDATA[
------------------
|     TEST 6     |
------------------
No se ha encontrado un precio para los parÃ¡metros indicados
]]></system-out>
  </testcase>
  <testcase name="test7" classname="com.example.Testbcnc.TestbcncApplicationTests" time="0.025">
    <system-out><![CDATA[
------------------
|     TEST 7     |
------------------
El productId y el brandId deben ser numéricos
]]></system-out>
  </testcase>
</testsuite>